TN:
SF:src/components/ActiveFilters.tsx
FN:6,(anonymous_1)
FN:10,(anonymous_2)
FN:13,(anonymous_3)
FN:19,(anonymous_4)
FN:20,(anonymous_5)
FNF:5
FNH:2
FNDA:3,(anonymous_1)
FNDA:0,(anonymous_2)
FNDA:3,(anonymous_3)
FNDA:0,(anonymous_4)
FNDA:0,(anonymous_5)
DA:1,1
DA:2,1
DA:3,1
DA:6,1
DA:7,3
DA:9,3
DA:10,0
DA:13,3
DA:14,3
DA:17,0
DA:20,0
DA:39,1
DA:45,1
DA:52,1
DA:69,1
LF:15
LH:12
BRDA:13,0,0,3
BRDA:13,0,1,0
BRF:2
BRH:1
end_of_record
TN:
SF:src/components/App.tsx
FN:15,(anonymous_7)
FN:21,(anonymous_8)
FN:30,(anonymous_9)
FNF:3
FNH:3
FNDA:3,(anonymous_7)
FNDA:1,(anonymous_8)
FNDA:7,(anonymous_9)
DA:1,1
DA:2,1
DA:3,1
DA:5,1
DA:6,1
DA:7,1
DA:8,1
DA:9,1
DA:12,1
DA:13,1
DA:15,1
DA:16,3
DA:17,3
DA:19,3
DA:21,3
DA:22,1
DA:29,3
DA:30,7
DA:33,3
DA:46,1
DA:59,1
DA:63,1
LF:22
LH:22
BRF:0
BRH:0
end_of_record
TN:
SF:src/components/Checkbox.tsx
FN:14,(anonymous_1)
FN:72,(anonymous_2)
FN:75,(anonymous_3)
FN:87,(anonymous_4)
FN:88,(anonymous_5)
FNF:5
FNH:5
FNDA:5,(anonymous_1)
FNDA:5,(anonymous_2)
FNDA:5,(anonymous_3)
FNDA:5,(anonymous_4)
FNDA:5,(anonymous_5)
DA:1,1
DA:2,1
DA:14,1
DA:23,5
DA:36,1
DA:38,1
DA:50,1
DA:72,5
DA:75,5
DA:87,5
DA:88,5
DA:94,1
DA:115,1
LF:13
LH:13
BRDA:19,0,0,0
BRDA:20,1,0,0
BRDA:21,2,0,0
BRDA:75,3,0,0
BRDA:75,3,1,5
BRF:5
BRH:1
end_of_record
TN:
SF:src/components/FiltersContent.tsx
FN:5,(anonymous_1)
FN:13,(anonymous_2)
FN:21,(anonymous_3)
FNF:3
FNH:0
FNDA:0,(anonymous_1)
FNDA:0,(anonymous_2)
FNDA:0,(anonymous_3)
DA:1,1
DA:2,1
DA:3,1
DA:5,1
DA:6,0
DA:8,0
DA:13,0
DA:21,0
DA:28,1
DA:30,1
DA:42,1
DA:50,1
DA:56,1
LF:13
LH:9
BRF:0
BRH:0
end_of_record
TN:
SF:src/components/FiltersOffCanvas.tsx
FN:17,(anonymous_7)
FN:21,(anonymous_8)
FN:24,(anonymous_9)
FN:29,(anonymous_10)
FN:62,(anonymous_11)
FN:193,(anonymous_12)
FN:203,(anonymous_13)
FN:208,(anonymous_14)
FNF:8
FNH:6
FNDA:3,(anonymous_7)
FNDA:1,(anonymous_8)
FNDA:1,(anonymous_9)
FNDA:0,(anonymous_10)
FNDA:0,(anonymous_11)
FNDA:3,(anonymous_12)
FNDA:3,(anonymous_13)
FNDA:3,(anonymous_14)
DA:1,1
DA:2,1
DA:3,1
DA:12,1
DA:13,1
DA:15,1
DA:17,1
DA:18,3
DA:19,3
DA:21,3
DA:22,1
DA:24,1
DA:27,3
DA:29,3
DA:30,0
DA:31,0
DA:35,3
DA:63,0
DA:83,1
DA:88,1
DA:120,1
DA:148,1
DA:156,1
DA:169,1
DA:175,1
DA:184,1
DA:193,3
DA:200,1
DA:203,3
DA:208,3
DA:215,1
LF:31
LH:28
BRDA:30,0,0,0
BRDA:30,0,1,0
BRDA:40,1,0,0
BRDA:40,1,1,3
BRDA:193,2,0,0
BRDA:193,2,1,3
BRDA:203,3,0,0
BRDA:203,3,1,3
BRDA:208,4,0,0
BRDA:208,4,1,3
BRF:10
BRH:4
end_of_record
TN:
SF:src/components/FiltersWrapper.tsx
FN:7,(anonymous_6)
FN:15,(anonymous_7)
FN:30,(anonymous_8)
FN:33,(anonymous_9)
FNF:4
FNH:4
FNDA:7,(anonymous_6)
FNDA:3,(anonymous_7)
FNDA:3,(anonymous_8)
FNDA:3,(anonymous_9)
DA:1,2
DA:2,2
DA:5,2
DA:7,2
DA:8,7
DA:11,7
DA:13,7
DA:15,7
DA:16,3
DA:17,1
DA:19,2
DA:23,7
DA:31,3
DA:33,3
LF:14
LH:14
BRDA:16,0,0,1
BRDA:16,0,1,2
BRF:2
BRH:2
end_of_record
TN:
SF:src/components/Header.tsx
FN:7,(anonymous_1)
FNF:1
FNH:1
FNDA:5,(anonymous_1)
DA:1,2
DA:2,2
DA:5,2
DA:7,2
DA:8,5
DA:10,5
DA:25,2
DA:31,2
DA:50,2
DA:57,2
DA:63,2
LF:11
LH:11
BRF:0
BRH:0
end_of_record
TN:
SF:src/components/ProductStream.tsx
FN:11,(anonymous_1)
FN:14,(anonymous_2)
FNF:2
FNH:2
FNDA:5,(anonymous_1)
FNDA:6,(anonymous_2)
DA:1,2
DA:2,2
DA:5,2
DA:11,2
DA:12,5
DA:15,6
DA:21,2
DA:37,2
LF:8
LH:8
BRF:0
BRH:0
end_of_record
TN:
SF:src/components/ProductTile.tsx
FN:6,(anonymous_1)
FNF:1
FNH:1
FNDA:9,(anonymous_1)
DA:1,3
DA:2,3
DA:4,3
DA:6,3
DA:7,9
DA:26,3
DA:31,3
DA:41,3
DA:57,3
DA:62,3
DA:66,3
DA:71,3
LF:12
LH:12
BRDA:10,0,0,9
BRDA:10,0,1,8
BRF:2
BRH:2
end_of_record
TN:
SF:src/context/filters.ts
FN:8,(anonymous_1)
FN:9,(anonymous_2)
FNF:2
FNH:0
FNDA:0,(anonymous_1)
FNDA:0,(anonymous_2)
DA:1,4
DA:4,4
DA:12,4
LF:3
LH:3
BRF:0
BRH:0
end_of_record
TN:
SF:src/helpers/axios.ts
FNF:0
FNH:0
DA:1,1
DA:2,1
DA:4,1
LF:3
LH:3
BRF:0
BRH:0
end_of_record
TN:
SF:src/helpers/constants.ts
FNF:0
FNH:0
DA:1,4
DA:2,4
LF:2
LH:2
BRDA:2,0,0,4
BRDA:2,0,1,4
BRF:2
BRH:2
end_of_record
TN:
SF:src/hooks/useFilters.ts
FN:5,(anonymous_0)
FNF:1
FNH:1
FNDA:15,(anonymous_0)
DA:1,3
DA:3,3
DA:5,15
DA:7,3
LF:4
LH:4
BRF:0
BRH:0
end_of_record
TN:
SF:src/hooks/useOutsideClick.ts
FN:7,(anonymous_1)
FN:8,(anonymous_2)
FN:9,(anonymous_3)
FN:17,(anonymous_4)
FNF:4
FNH:4
FNDA:6,(anonymous_1)
FNDA:6,(anonymous_2)
FNDA:2,(anonymous_3)
FNDA:6,(anonymous_4)
DA:1,2
DA:2,2
DA:7,2
DA:8,6
DA:9,6
DA:10,2
DA:11,2
DA:15,6
DA:17,6
DA:21,2
LF:10
LH:10
BRDA:10,0,0,2
BRDA:10,0,1,0
BRF:2
BRH:1
end_of_record
TN:
SF:src/store/action-creators.ts
FN:15,(anonymous_0)
FN:25,(anonymous_1)
FN:31,(anonymous_2)
FNF:3
FNH:3
FNDA:1,(anonymous_0)
FNDA:1,(anonymous_1)
FNDA:1,(anonymous_2)
DA:5,1
DA:8,1
DA:15,1
DA:25,1
DA:26,1
DA:30,1
DA:32,1
LF:7
LH:7
BRDA:16,0,0,0
BRF:1
BRH:0
end_of_record
TN:
SF:src/store/constants.ts
FNF:0
FNH:0
DA:1,1
DA:2,1
LF:2
LH:2
BRF:0
BRH:0
end_of_record
TN:
SF:src/store/index.ts
FN:19,(anonymous_7)
FNF:1
FNH:1
FNDA:2,(anonymous_7)
DA:1,1
DA:8,1
DA:9,1
DA:11,1
DA:15,1
DA:19,1
DA:23,2
DA:29,1
LF:8
LH:8
BRDA:20,0,0,1
BRDA:21,1,0,1
BRF:2
BRH:2
end_of_record
TN:
SF:src/store/reducers/products.ts
FN:11,(anonymous_0)
FNF:1
FNH:1
FNDA:6,(anonymous_0)
DA:4,1
DA:6,1
DA:11,1
DA:15,6
DA:16,1
DA:22,5
DA:23,1
DA:30,4
DA:33,1
LF:9
LH:9
BRDA:12,0,0,2
BRDA:15,1,0,1
BRDA:15,1,1,5
BRDA:22,2,0,1
BRDA:22,2,1,4
BRF:5
BRH:5
end_of_record
